Name: CCTV1, URL: http://117.144.58.42:35455/gaoma/cctv1.m3u8$订阅源, Date: None, Delay: 439 ms, Speed: 0.00 M/s, Resolution: 1920x1080
Name: CCTV1, URL: http://nmmp.asia:35455/gaoma/cctv1.m3u8$订阅源, Date: None, Delay: 528 ms, Speed: 0.00 M/s, Resolution: 1920x1080
Name: CCTV1, URL: http://lu.wqwqwq.sbs/itv/6000000001000029752.m3u8?cdn=wasusyt$订阅源, Date: None, Delay: 1208 ms, Speed: 0.00 M/s, Resolution: 1920x1080
Name: CCTV1, URL: http://lu.wqwqwq.sbs/itv/1000000005000265001.m3u8?cdn=ystenlive$订阅源, Date: None, Delay: 1208 ms, Speed: 0.00 M/s, Resolution: 1920x1080
Name: CCTV1, URL: http://play.kankanlive.com/live/1661761962676984.m3u8$订阅源, Date: None, Delay: 239 ms, Speed: 0.00 M/s, Resolution: None
Name: CCTV1, URL: https://api.olelive.com/dis/live/CCTV1HD/hls.m3u8$订阅源, Date: None, Delay: 141 ms, Speed: 0.00 M/s, Resolution: 1920x1080
Name: CCTV1, URL: http://2000.run:35455/itv/1000000005000265001.m3u8?cdn=ystenlive$订阅源, Date: None, Delay: 2448 ms, Speed: 0.00 M/s, Resolution: 1920x1080
Name: CCTV1, URL: http://hangfun.top:35455/gaoma/cctv1.m3u8$订阅源, Date: None, Delay: 213 ms, Speed: 0.01 M/s, Resolution: 1920x1080
Name: CCTV1, URL: http://2000.run:35455/gaoma/cctv1.m3u8$订阅源, Date: None, Delay: 2448 ms, Speed: 0.00 M/s, Resolution: 1920x1080
Name: CCTV1, URL: http://ott.eonn.cn:35455/itv/1000000005000265001.m3u8?cdn=ystenlive$订阅源, Date: None, Delay: 423 ms, Speed: 0.01 M/s, Resolution: 1920x1080
Name: CCTV1, URL: http://3501776.xyz:35455/gaoma/cctv1.m3u8$订阅源, Date: None, Delay: 247 ms, Speed: 0.00 M/s, Resolution: 1920x1080
Name: CCTV1, URL: http://303415198.xyz:35455/gaoma/cctv1.m3u8$订阅源, Date: None, Delay: 368 ms, Speed: 0.00 M/s, Resolution: None
Name: CCTV1, URL: http://220.170.241.204:9901/tsfile/live/0001_1.m3u8$订阅源, Date: None, Delay: 576 ms, Speed: 0.01 M/s, Resolution: 720x576
Name: CCTV2, URL: http://117.144.58.42:35455/gaoma/cctv2.m3u8$订阅源, Date: None, Delay: 439 ms, Speed: 0.00 M/s, Resolution: 1920x1080
Name: CCTV2, URL: http://nmmp.asia:35455/gaoma/cctv2.m3u8$订阅源, Date: None, Delay: 528 ms, Speed: 0.00 M/s, Resolution: 1920x1080
Name: CCTV2, URL: http://lu.wqwqwq.sbs/itv/6000000001000014161.m3u8?cdn=wasusyt$订阅源, Date: None, Delay: 1208 ms, Speed: 0.00 M/s, Resolution: 1920x1080
Name: CCTV2, URL: http://lu.wqwqwq.sbs/itv/1000000001000023315.m3u8?cdn=ystenlive$订阅源, Date: None, Delay: 1208 ms, Speed: 0.00 M/s, Resolution: 1920x1080
Name: CCTV2, URL: http://3501776.xyz:35455/gaoma/cctv2.m3u8$订阅源, Date: None, Delay: 247 ms, Speed: 0.00 M/s, Resolution: 1920x1080
Name: CCTV2, URL: https://api.olelive.com/dis/live/CCTV2HD/hls.m3u8$订阅源, Date: None, Delay: 141 ms, Speed: 0.00 M/s, Resolution: 1920x1080
Name: CCTV2, URL: http://2000.run:35455/itv/1000000001000023315.m3u8?cdn=ystenlive$订阅源, Date: None, Delay: 2448 ms, Speed: 0.00 M/s, Resolution: 1920x1080
Name: CCTV2, URL: http://2000.run:35455/gaoma/cctv2.m3u8$订阅源, Date: None, Delay: 2448 ms, Speed: 0.00 M/s, Resolution: 1920x1080
Name: CCTV2, URL: http://ott.eonn.cn:35455/itv/1000000001000023315.m3u8?cdn=ystenlive$订阅源, Date: None, Delay: 423 ms, Speed: 0.01 M/s, Resolution: 1920x1080
Name: CCTV2, URL: http://303415198.xyz:35455/gaoma/cctv2.m3u8$订阅源, Date: None, Delay: 368 ms, Speed: 0.00 M/s, Resolution: None
Name: CCTV2, URL: http://220.170.241.204:9901/tsfile/live/0002_1.m3u8$订阅源, Date: None, Delay: 576 ms, Speed: 0.01 M/s, Resolution: 720x576
Name: CCTV3, URL: http://117.144.58.42:35455/gaoma/cctv3.m3u8$订阅源, Date: None, Delay: 439 ms, Speed: 0.00 M/s, Resolution: 1920x1080
Name: CCTV3, URL: http://183.255.10.90:6610/200000001898/460000089800010212/1.m3u8?IASHttpSessionId=OTT$订阅源, Date: None, Delay: 458 ms, Speed: 2.75 M/s, Resolution: 1920x1080
Name: CCTV3, URL: http://nmmp.asia:35455/gaoma/cctv3.m3u8$订阅源, Date: None, Delay: 528 ms, Speed: 0.00 M/s, Resolution: 1920x1080
Name: CCTV3, URL: http://lu.wqwqwq.sbs/itv/6000000001000022313.m3u8?cdn=wasusyt$订阅源, Date: None, Delay: 1208 ms, Speed: 0.00 M/s, Resolution: 1920x1080
Name: CCTV3, URL: http://lu.wqwqwq.sbs/itv/1000000005000265003.m3u8?cdn=ystenlive$订阅源, Date: None, Delay: 1208 ms, Speed: 0.00 M/s, Resolution: 1920x1080
Name: CCTV3, URL: https://api.olelive.com/dis/live/CCTV3HD/hls.m3u8$订阅源, Date: None, Delay: 141 ms, Speed: 0.00 M/s, Resolution: 1920x1080
Name: CCTV3, URL: http://2000.run:35455/itv/1000000005000265003.m3u8?cdn=ystenlive$订阅源, Date: None, Delay: 2448 ms, Speed: 0.00 M/s, Resolution: 1920x1080
Name: CCTV3, URL: http://hangfun.top:35455/gaoma/cctv3.m3u8$订阅源, Date: None, Delay: 213 ms, Speed: 0.01 M/s, Resolution: 1920x1080
Name: CCTV3, URL: http://2000.run:35455/gaoma/cctv3.m3u8$订阅源, Date: None, Delay: 2448 ms, Speed: 0.00 M/s, Resolution: 1920x1080
Name: CCTV3, URL: http://ott.eonn.cn:35455/itv/1000000005000265003.m3u8?cdn=ystenlive$订阅源, Date: None, Delay: 423 ms, Speed: 0.01 M/s, Resolution: 1920x1080
Name: CCTV3, URL: http://303415198.xyz:35455/gaoma/cctv3.m3u8$订阅源, Date: None, Delay: 368 ms, Speed: 0.00 M/s, Resolution: None
Name: CCTV4, URL: http://117.144.58.42:35455/gaoma/cctv4k.m3u8$订阅源, Date: None, Delay: 439 ms, Speed: 0.00 M/s, Resolution: 1920x1080
Name: CCTV4, URL: http://nmmp.asia:35455/gaoma/cctv4.m3u8$订阅源, Date: None, Delay: 528 ms, Speed: 0.00 M/s, Resolution: 1920x1080
Name: CCTV4, URL: http://nmmp.asia:35455/gaoma/cctv4k.m3u8$订阅源, Date: None, Delay: 528 ms, Speed: 0.00 M/s, Resolution: 1920x1080
Name: CCTV4, URL: http://lu.wqwqwq.sbs/itv/5000000011000031102.m3u8?cdn=bestzb$订阅源, Date: None, Delay: 1208 ms, Speed: 0.00 M/s, Resolution: 1920x1080
Name: CCTV4, URL: http://lu.wqwqwq.sbs/itv/1000000005000265004.m3u8?cdn=ystenlive$订阅源, Date: None, Delay: 1208 ms, Speed: 0.00 M/s, Resolution: 1920x1080
Name: CCTV4, URL: https://api.olelive.com/dis/live/CCTV4HD/hls.m3u8$订阅源, Date: None, Delay: 141 ms, Speed: 0.00 M/s, Resolution: 1920x1080
Name: CCTV4, URL: http://2000.run:35455/itv/1000000005000265004.m3u8?cdn=ystenlive$订阅源, Date: None, Delay: 2448 ms, Speed: 0.00 M/s, Resolution: 1920x1080
Name: CCTV4, URL: http://2000.run:35455/gaoma/cctv4.m3u8$订阅源, Date: None, Delay: 2448 ms, Speed: 0.00 M/s, Resolution: 1920x1080
Name: CCTV4, URL: http://ott.eonn.cn:35455/itv/1000000005000265004.m3u8?cdn=ystenlive$订阅源, Date: None, Delay: 423 ms, Speed: 0.01 M/s, Resolution: 1920x1080
Name: CCTV4, URL: http://3501776.xyz:35455/itv/1000000005000265004.m3u8?cdn=ystenlive$订阅源, Date: None, Delay: 247 ms, Speed: 0.00 M/s, Resolution: 1920x1080
Name: CCTV4, URL: http://303415198.xyz:35455/gaoma/cctv4.m3u8$订阅源, Date: None, Delay: 368 ms, Speed: 0.00 M/s, Resolution: None
Name: CCTV4, URL: http://303415198.xyz:35455/gaoma/cctv4k.m3u8$订阅源, Date: None, Delay: 368 ms, Speed: 0.00 M/s, Resolution: None
Name: CCTV5, URL: http://117.144.58.42:35455/gaoma/cctv5.m3u8$订阅源, Date: None, Delay: 439 ms, Speed: 0.00 M/s, Resolution: 1920x1080
Name: CCTV5, URL: http://nmmp.asia:35455/gaoma/cctv5.m3u8$订阅源, Date: None, Delay: 528 ms, Speed: 0.00 M/s, Resolution: 1920x1080
Name: CCTV5, URL: http://lu.wqwqwq.sbs/itv/1000000005000025222.m3u8?cdn=ystenlive$订阅源, Date: None, Delay: 1208 ms, Speed: 0.00 M/s, Resolution: 1920x1080
Name: CCTV5, URL: http://lu.wqwqwq.sbs/itv/1000000005000265005.m3u8?cdn=ystenlive$订阅源, Date: None, Delay: 1208 ms, Speed: 0.00 M/s, Resolution: 1920x1080
Name: CCTV5, URL: https://api.olelive.com/dis/live/CCTV5HD/hls.m3u8$订阅源, Date: None, Delay: 141 ms, Speed: 0.00 M/s, Resolution: 1920x1080
Name: CCTV5, URL: http://2000.run:35455/itv/1000000005000265005.m3u8?cdn=ystenlive$订阅源, Date: None, Delay: 2448 ms, Speed: 0.00 M/s, Resolution: 1920x1080
Name: CCTV5, URL: http://2000.run:35455/gaoma/cctv5.m3u8$订阅源, Date: None, Delay: 2448 ms, Speed: 0.00 M/s, Resolution: 1920x1080
Name: CCTV5, URL: http://ott.eonn.cn:35455/itv/1000000005000265005.m3u8?cdn=ystenlive$订阅源, Date: None, Delay: 423 ms, Speed: 0.01 M/s, Resolution: 1920x1080
Name: CCTV5, URL: http://3501776.xyz:35455/gaoma/cctv5.m3u8$订阅源, Date: None, Delay: 247 ms, Speed: 0.00 M/s, Resolution: 1920x1080
Name: CCTV5, URL: http://303415198.xyz:35455/gaoma/cctv5.m3u8$订阅源, Date: None, Delay: 368 ms, Speed: 0.00 M/s, Resolution: None
Name: CCTV5, URL: http://220.170.241.204:9901/tsfile/live/0005_1.m3u8$订阅源, Date: None, Delay: 576 ms, Speed: 0.01 M/s, Resolution: 720x576
Name: CCTV6, URL: http://58.17.116.69:9904/tsfile/live/0001_1.m3u8?key=txiptv&playlive=0&authid=0$订阅源, Date: None, Delay: 701 ms, Speed: 0.11 M/s, Resolution: 1920x1080
Name: CCTV6, URL: http://117.144.58.42:35455/gaoma/cctv6.m3u8$订阅源, Date: None, Delay: 439 ms, Speed: 0.00 M/s, Resolution: 1920x1080
Name: CCTV6, URL: http://nmmp.asia:35455/gaoma/cctv6.m3u8$订阅源, Date: None, Delay: 528 ms, Speed: 0.00 M/s, Resolution: 1920x1080
Name: CCTV6, URL: http://lu.wqwqwq.sbs/itv/1000000001000001737.m3u8?cdn=ystenlive$订阅源, Date: None, Delay: 1208 ms, Speed: 0.00 M/s, Resolution: 1920x1080
Name: CCTV6, URL: http://lu.wqwqwq.sbs/itv/1000000005000265006.m3u8?cdn=ystenlive$订阅源, Date: None, Delay: 1208 ms, Speed: 0.00 M/s, Resolution: 1920x1080
Name: CCTV6, URL: https://api.olelive.com/dis/live/CCTV6HD/hls.m3u8$订阅源, Date: None, Delay: 141 ms, Speed: 0.00 M/s, Resolution: 1920x1080
Name: CCTV6, URL: http://2000.run:35455/itv/1000000005000265006.m3u8?cdn=ystenlive$订阅源, Date: None, Delay: 2448 ms, Speed: 0.00 M/s, Resolution: 1920x1080
Name: CCTV6, URL: http://hangfun.top:35455/gaoma/cctv6.m3u8$订阅源, Date: None, Delay: 213 ms, Speed: 0.01 M/s, Resolution: 1920x1080
Name: CCTV6, URL: http://2000.run:35455/gaoma/cctv6.m3u8$订阅源, Date: None, Delay: 2448 ms, Speed: 0.00 M/s, Resolution: 1920x1080
Name: CCTV6, URL: http://ott.eonn.cn:35455/itv/1000000005000265006.m3u8?cdn=ystenlive$订阅源, Date: None, Delay: 423 ms, Speed: 0.01 M/s, Resolution: 1920x1080
Name: CCTV6, URL: http://303415198.xyz:35455/gaoma/cctv6.m3u8$订阅源, Date: None, Delay: 368 ms, Speed: 0.00 M/s, Resolution: None
Name: CCTV6, URL: http://220.170.241.204:9901/tsfile/live/0006_1.m3u8$订阅源, Date: None, Delay: 576 ms, Speed: 0.01 M/s, Resolution: 720x576
Name: CCTV7, URL: http://117.144.58.42:35455/gaoma/cctv7.m3u8$订阅源, Date: None, Delay: 439 ms, Speed: 0.00 M/s, Resolution: 1920x1080
Name: CCTV7, URL: http://nmmp.asia:35455/gaoma/cctv7.m3u8$订阅源, Date: None, Delay: 528 ms, Speed: 0.00 M/s, Resolution: 1920x1080
Name: CCTV7, URL: http://lu.wqwqwq.sbs/itv/6000000001000009055.m3u8?cdn=wasusyt$订阅源, Date: None, Delay: 1208 ms, Speed: 0.00 M/s, Resolution: 1920x1080
Name: CCTV7, URL: http://lu.wqwqwq.sbs/itv/1000000005000265007.m3u8?cdn=ystenlive$订阅源, Date: None, Delay: 1208 ms, Speed: 0.00 M/s, Resolution: 1920x1080
Name: CCTV7, URL: https://api.olelive.com/dis/live/CCTV7HD/hls.m3u8$订阅源, Date: None, Delay: 141 ms, Speed: 0.00 M/s, Resolution: 1920x1080
Name: CCTV7, URL: http://2000.run:35455/itv/1000000005000265007.m3u8?cdn=ystenlive$订阅源, Date: None, Delay: 2448 ms, Speed: 0.00 M/s, Resolution: 1920x1080
Name: CCTV7, URL: http://hangfun.top:35455/gaoma/cctv7.m3u8$订阅源, Date: None, Delay: 213 ms, Speed: 0.01 M/s, Resolution: 1920x1080
Name: CCTV7, URL: http://2000.run:35455/gaoma/cctv7.m3u8$订阅源, Date: None, Delay: 2448 ms, Speed: 0.00 M/s, Resolution: 1920x1080
Name: CCTV7, URL: http://ott.eonn.cn:35455/itv/1000000005000265007.m3u8?cdn=ystenlive$订阅源, Date: None, Delay: 423 ms, Speed: 0.01 M/s, Resolution: 1920x1080
Name: CCTV7, URL: http://303415198.xyz:35455/gaoma/cctv7.m3u8$订阅源, Date: None, Delay: 368 ms, Speed: 0.00 M/s, Resolution: None
Name: CCTV7, URL: http://220.170.241.204:9901/tsfile/live/0007_1.m3u8$订阅源, Date: None, Delay: 576 ms, Speed: 0.01 M/s, Resolution: 720x576
Name: CCTV8, URL: http://117.144.58.42:35455/gaoma/cctv8k_36m.m3u8$订阅源, Date: None, Delay: 439 ms, Speed: 0.00 M/s, Resolution: 1920x1080
Name: CCTV8, URL: http://117.144.58.42:35455/gaoma/cctv8.m3u8$订阅源, Date: None, Delay: 439 ms, Speed: 0.00 M/s, Resolution: 1920x1080
Name: CCTV8, URL: http://nmmp.asia:35455/gaoma/cctv8.m3u8$订阅源, Date: None, Delay: 528 ms, Speed: 0.00 M/s, Resolution: 1920x1080
Name: CCTV8, URL: http://nmmp.asia:35455/gaoma/cctv8k_36m.m3u8$订阅源, Date: None, Delay: 528 ms, Speed: 0.00 M/s, Resolution: 1920x1080
Name: CCTV8, URL: http://lu.wqwqwq.sbs/itv/6000000001000001070.m3u8?cdn=wasusyt$订阅源, Date: None, Delay: 1208 ms, Speed: 0.00 M/s, Resolution: 1920x1080
Name: CCTV8, URL: http://lu.wqwqwq.sbs/itv/1000000005000265008.m3u8?cdn=ystenlive$订阅源, Date: None, Delay: 1208 ms, Speed: 0.00 M/s, Resolution: 1920x1080
Name: CCTV8, URL: https://api.olelive.com/dis/live/CCTV8HD/hls.m3u8$订阅源, Date: None, Delay: 141 ms, Speed: 0.00 M/s, Resolution: 1920x1080
Name: CCTV8, URL: http://2000.run:35455/itv/1000000005000265008.m3u8?cdn=ystenlive$订阅源, Date: None, Delay: 2448 ms, Speed: 0.00 M/s, Resolution: 1920x1080
Name: CCTV8, URL: http://hangfun.top:35455/gaoma/cctv8.m3u8$订阅源, Date: None, Delay: 213 ms, Speed: 0.01 M/s, Resolution: 1920x1080
Name: CCTV8, URL: http://2000.run:35455/gaoma/cctv8.m3u8$订阅源, Date: None, Delay: 2448 ms, Speed: 0.00 M/s, Resolution: 1920x1080
Name: CCTV8, URL: http://2000.run:35455/gaoma/cctv8k_36m.m3u8$订阅源, Date: None, Delay: 2448 ms, Speed: 0.00 M/s, Resolution: 1920x1080
Name: CCTV8, URL: http://ott.eonn.cn:35455/itv/1000000005000265008.m3u8?cdn=ystenlive$订阅源, Date: None, Delay: 423 ms, Speed: 0.01 M/s, Resolution: 1920x1080
Name: CCTV8, URL: http://3501776.xyz:35455/gaoma/cctv8.m3u8$订阅源, Date: None, Delay: 247 ms, Speed: 0.00 M/s, Resolution: 1920x1080
Name: CCTV8, URL: http://303415198.xyz:35455/gaoma/cctv8.m3u8$订阅源, Date: None, Delay: 368 ms, Speed: 0.00 M/s, Resolution: None
Name: CCTV8, URL: http://303415198.xyz:35455/gaoma/cctv8k_36m.m3u8$订阅源, Date: None, Delay: 368 ms, Speed: 0.00 M/s, Resolution: None
Name: CCTV8, URL: http://220.170.241.204:9901/tsfile/live/0008_1.m3u8$订阅源, Date: None, Delay: 576 ms, Speed: 0.01 M/s, Resolution: 720x576
Name: CCTV9, URL: http://117.144.58.42:35455/gaoma/cctv9.m3u8$订阅源, Date: None, Delay: 439 ms, Speed: 0.00 M/s, Resolution: 1920x1080
Name: CCTV9, URL: http://nmmp.asia:35455/gaoma/cctv9.m3u8$订阅源, Date: None, Delay: 528 ms, Speed: 0.00 M/s, Resolution: 1920x1080
Name: CCTV9, URL: http://lu.wqwqwq.sbs/itv/6000000001000032162.m3u8?cdn=wasusyt$订阅源, Date: None, Delay: 1208 ms, Speed: 0.00 M/s, Resolution: 1920x1080
Name: CCTV9, URL: http://lu.wqwqwq.sbs/itv/1000000005000265009.m3u8?cdn=ystenlive$订阅源, Date: None, Delay: 1208 ms, Speed: 0.00 M/s, Resolution: 1920x1080
Name: CCTV9, URL: https://api.olelive.com/dis/live/CCTV9HD/hls.m3u8$订阅源, Date: None, Delay: 141 ms, Speed: 0.00 M/s, Resolution: 1920x1080
Name: CCTV9, URL: http://2000.run:35455/itv/1000000005000265009.m3u8?cdn=ystenlive$订阅源, Date: None, Delay: 2448 ms, Speed: 0.00 M/s, Resolution: 1920x1080
Name: CCTV9, URL: http://2000.run:35455/gaoma/cctv9.m3u8$订阅源, Date: None, Delay: 2448 ms, Speed: 0.00 M/s, Resolution: 1920x1080
Name: CCTV9, URL: http://ott.eonn.cn:35455/itv/1000000005000265009.m3u8?cdn=ystenlive$订阅源, Date: None, Delay: 423 ms, Speed: 0.01 M/s, Resolution: 1920x1080
Name: CCTV9, URL: http://3501776.xyz:35455/gaoma/cctv9.m3u8$订阅源, Date: None, Delay: 247 ms, Speed: 0.00 M/s, Resolution: 1920x1080
Name: CCTV9, URL: http://303415198.xyz:35455/gaoma/cctv9.m3u8$订阅源, Date: None, Delay: 368 ms, Speed: 0.00 M/s, Resolution: None
Name: CCTV9, URL: http://220.170.241.204:9901/tsfile/live/0009_1.m3u8$订阅源, Date: None, Delay: 576 ms, Speed: 0.01 M/s, Resolution: 720x576
Name: CCTV10, URL: http://117.144.58.42:35455/gaoma/cctv10.m3u8$订阅源, Date: None, Delay: 439 ms, Speed: 0.00 M/s, Resolution: 1920x1080
Name: CCTV10, URL: http://nmmp.asia:35455/gaoma/cctv10.m3u8$订阅源, Date: None, Delay: 528 ms, Speed: 0.00 M/s, Resolution: 1920x1080
Name: CCTV10, URL: http://lu.wqwqwq.sbs/itv/5000000004000012827.m3u8?cdn=bestzb$订阅源, Date: None, Delay: 1208 ms, Speed: 0.00 M/s, Resolution: 1920x1080
Name: CCTV10, URL: http://lu.wqwqwq.sbs/itv/1000000005000265010.m3u8?cdn=ystenlive$订阅源, Date: None, Delay: 1208 ms, Speed: 0.00 M/s, Resolution: 1920x1080
Name: CCTV10, URL: http://3501776.xyz:35455/gaoma/cctv10.m3u8$订阅源, Date: None, Delay: 247 ms, Speed: 0.00 M/s, Resolution: 1920x1080
Name: CCTV10, URL: https://api.olelive.com/dis/live/CCTV10HD/hls.m3u8$订阅源, Date: None, Delay: 141 ms, Speed: 0.00 M/s, Resolution: 1920x1080
Name: CCTV10, URL: http://2000.run:35455/itv/1000000005000265010.m3u8?cdn=ystenlive$订阅源, Date: None, Delay: 2448 ms, Speed: 0.00 M/s, Resolution: 1920x1080
Name: CCTV10, URL: http://hangfun.top:35455/gaoma/cctv10.m3u8$订阅源, Date: None, Delay: 213 ms, Speed: 0.01 M/s, Resolution: 1920x1080
Name: CCTV10, URL: http://2000.run:35455/gaoma/cctv10.m3u8$订阅源, Date: None, Delay: 2448 ms, Speed: 0.00 M/s, Resolution: 1920x1080
Name: CCTV10, URL: http://ott.eonn.cn:35455/itv/1000000005000265010.m3u8?cdn=ystenlive$订阅源, Date: None, Delay: 423 ms, Speed: 0.01 M/s, Resolution: 1920x1080
Name: CCTV10, URL: http://303415198.xyz:35455/gaoma/cctv10.m3u8$订阅源, Date: None, Delay: 368 ms, Speed: 0.00 M/s, Resolution: None
Name: CCTV10, URL: http://220.170.241.204:9901/tsfile/live/0010_1.m3u8$订阅源, Date: None, Delay: 576 ms, Speed: 0.01 M/s, Resolution: 720x576
Name: CCTV11, URL: http://117.144.58.42:35455/gaoma/cctv11.m3u8$订阅源, Date: None, Delay: 439 ms, Speed: 0.00 M/s, Resolution: 1920x1080
Name: CCTV11, URL: http://nmmp.asia:35455/gaoma/cctv11.m3u8$订阅源, Date: None, Delay: 528 ms, Speed: 0.00 M/s, Resolution: 1920x1080
Name: CCTV11, URL: http://lu.wqwqwq.sbs/itv/5000000011000031106.m3u8?cdn=bestzb$订阅源, Date: None, Delay: 1208 ms, Speed: 0.00 M/s, Resolution: 1920x1080
Name: CCTV11, URL: http://lu.wqwqwq.sbs/itv/1000000005000265011.m3u8?cdn=ystenlive$订阅源, Date: None, Delay: 1208 ms, Speed: 0.00 M/s, Resolution: 1920x1080
Name: CCTV11, URL: https://api.olelive.com/dis/live/CCTV11HD/hls.m3u8$订阅源, Date: None, Delay: 141 ms, Speed: 0.00 M/s, Resolution: 1920x1080
Name: CCTV11, URL: http://2000.run:35455/itv/1000000005000265011.m3u8?cdn=ystenlive$订阅源, Date: None, Delay: 2448 ms, Speed: 0.00 M/s, Resolution: 1920x1080
Name: CCTV11, URL: http://hangfun.top:35455/gaoma/cctv11.m3u8$订阅源, Date: None, Delay: 213 ms, Speed: 0.01 M/s, Resolution: 1920x1080
Name: CCTV11, URL: http://2000.run:35455/gaoma/cctv11.m3u8$订阅源, Date: None, Delay: 2448 ms, Speed: 0.00 M/s, Resolution: 1920x1080
Name: CCTV11, URL: http://ott.eonn.cn:35455/itv/1000000005000265011.m3u8?cdn=ystenlive$订阅源, Date: None, Delay: 423 ms, Speed: 0.01 M/s, Resolution: 1920x1080
Name: CCTV11, URL: http://303415198.xyz:35455/gaoma/cctv11.m3u8$订阅源, Date: None, Delay: 368 ms, Speed: 0.00 M/s, Resolution: None
Name: CCTV11, URL: http://220.170.241.204:9901/tsfile/live/0011_1.m3u8$订阅源, Date: None, Delay: 576 ms, Speed: 0.01 M/s, Resolution: 720x576
Name: CCTV12, URL: http://117.144.58.42:35455/gaoma/cctv12.m3u8$订阅源, Date: None, Delay: 439 ms, Speed: 0.00 M/s, Resolution: 1920x1080
Name: CCTV12, URL: http://nmmp.asia:35455/gaoma/cctv12.m3u8$订阅源, Date: None, Delay: 528 ms, Speed: 0.00 M/s, Resolution: 1920x1080
Name: CCTV12, URL: http://lu.wqwqwq.sbs/itv/6000000001000022586.m3u8?cdn=wasusyt$订阅源, Date: None, Delay: 1208 ms, Speed: 0.00 M/s, Resolution: 1920x1080
Name: CCTV12, URL: http://lu.wqwqwq.sbs/itv/1000000005000265012.m3u8?cdn=ystenlive$订阅源, Date: None, Delay: 1208 ms, Speed: 0.00 M/s, Resolution: 1920x1080
Name: CCTV12, URL: https://api.olelive.com/dis/live/CCTV12HD/hls.m3u8$订阅源, Date: None, Delay: 141 ms, Speed: 0.00 M/s, Resolution: 1920x1080
Name: CCTV12, URL: http://2000.run:35455/itv/1000000005000265012.m3u8?cdn=ystenlive$订阅源, Date: None, Delay: 2448 ms, Speed: 0.00 M/s, Resolution: 1920x1080
Name: CCTV12, URL: http://2000.run:35455/gaoma/cctv12.m3u8$订阅源, Date: None, Delay: 2448 ms, Speed: 0.00 M/s, Resolution: 1920x1080
Name: CCTV12, URL: http://ott.eonn.cn:35455/itv/1000000005000265012.m3u8?cdn=ystenlive$订阅源, Date: None, Delay: 423 ms, Speed: 0.01 M/s, Resolution: 1920x1080
Name: CCTV12, URL: http://3501776.xyz:35455/gaoma/cctv12.m3u8$订阅源, Date: None, Delay: 247 ms, Speed: 0.00 M/s, Resolution: 1920x1080
Name: CCTV12, URL: http://303415198.xyz:35455/gaoma/cctv12.m3u8$订阅源, Date: None, Delay: 368 ms, Speed: 0.00 M/s, Resolution: None
Name: CCTV12, URL: http://220.170.241.204:9901/tsfile/live/0012_1.m3u8$订阅源, Date: None, Delay: 576 ms, Speed: 0.01 M/s, Resolution: 720x576
Name: CCTV13, URL: http://117.144.58.42:35455/gaoma/cctv13.m3u8$订阅源, Date: None, Delay: 439 ms, Speed: 0.00 M/s, Resolution: 1920x1080
Name: CCTV13, URL: http://nmmp.asia:35455/gaoma/cctv13.m3u8$订阅源, Date: None, Delay: 528 ms, Speed: 0.00 M/s, Resolution: 1920x1080
Name: CCTV13, URL: http://lu.wqwqwq.sbs/gaoma/cctv13.m3u8$订阅源, Date: None, Delay: 1208 ms, Speed: 0.00 M/s, Resolution: 1920x1080
Name: CCTV13, URL: http://lu.wqwqwq.sbs/itv/5000000011000031108.m3u8?cdn=bestzb$订阅源, Date: None, Delay: 1208 ms, Speed: 0.00 M/s, Resolution: 1920x1080
Name: CCTV13, URL: http://3501776.xyz:35455/gaoma/cctv13.m3u8$订阅源, Date: None, Delay: 247 ms, Speed: 0.00 M/s, Resolution: 1920x1080
Name: CCTV13, URL: https://api.olelive.com/dis/live/CCTV13HD/hls.m3u8$订阅源, Date: None, Delay: 141 ms, Speed: 0.00 M/s, Resolution: 1920x1080
Name: CCTV13, URL: http://2000.run:35455/gaoma/cctv13.m3u8$订阅源, Date: None, Delay: 2448 ms, Speed: 0.00 M/s, Resolution: 1920x1080
Name: CCTV13, URL: http://303415198.xyz:35455/gaoma/cctv13.m3u8$订阅源, Date: None, Delay: 368 ms, Speed: 0.00 M/s, Resolution: None
Name: CCTV14, URL: http://117.144.58.42:35455/gaoma/cctv14.m3u8$订阅源, Date: None, Delay: 439 ms, Speed: 0.00 M/s, Resolution: 1920x1080
Name: CCTV14, URL: http://nmmp.asia:35455/gaoma/cctv14.m3u8$订阅源, Date: None, Delay: 528 ms, Speed: 0.00 M/s, Resolution: 1920x1080
Name: CCTV14, URL: http://lu.wqwqwq.sbs/itv/5000000004000006673.m3u8?cdn=bestzb$订阅源, Date: None, Delay: 1208 ms, Speed: 0.00 M/s, Resolution: 1920x1080
Name: CCTV14, URL: http://lu.wqwqwq.sbs/itv/1000000005000265013.m3u8?cdn=ystenlive$订阅源, Date: None, Delay: 1208 ms, Speed: 0.00 M/s, Resolution: 1920x1080
Name: CCTV14, URL: https://api.olelive.com/dis/live/CCTV14HD/hls.m3u8$订阅源, Date: None, Delay: 141 ms, Speed: 0.00 M/s, Resolution: 1920x1080
Name: CCTV14, URL: http://2000.run:35455/itv/1000000005000265013.m3u8?cdn=ystenlive$订阅源, Date: None, Delay: 2448 ms, Speed: 0.00 M/s, Resolution: 1920x1080
Name: CCTV14, URL: http://hangfun.top:35455/gaoma/cctv14.m3u8$订阅源, Date: None, Delay: 213 ms, Speed: 0.01 M/s, Resolution: 1920x1080
Name: CCTV14, URL: http://2000.run:35455/gaoma/cctv14.m3u8$订阅源, Date: None, Delay: 2448 ms, Speed: 0.00 M/s, Resolution: 1920x1080
Name: CCTV14, URL: http://ott.eonn.cn:35455/itv/1000000005000265013.m3u8?cdn=ystenlive$订阅源, Date: None, Delay: 423 ms, Speed: 0.01 M/s, Resolution: 1920x1080
Name: CCTV14, URL: http://3501776.xyz:35455/gaoma/cctv14.m3u8$订阅源, Date: None, Delay: 247 ms, Speed: 0.00 M/s, Resolution: 1920x1080
Name: CCTV14, URL: http://303415198.xyz:35455/gaoma/cctv14.m3u8$订阅源, Date: None, Delay: 368 ms, Speed: 0.00 M/s, Resolution: None
Name: CCTV14, URL: http://220.170.241.204:9901/tsfile/live/0014_1.m3u8$订阅源, Date: None, Delay: 576 ms, Speed: 0.01 M/s, Resolution: 720x576
Name: CCTV15, URL: http://117.144.58.42:35455/gaoma/cctv15.m3u8$订阅源, Date: None, Delay: 439 ms, Speed: 0.00 M/s, Resolution: 1920x1080
Name: CCTV15, URL: http://nmmp.asia:35455/gaoma/cctv15.m3u8$订阅源, Date: None, Delay: 528 ms, Speed: 0.00 M/s, Resolution: 1920x1080
Name: CCTV15, URL: http://lu.wqwqwq.sbs/itv/5000000011000031109.m3u8?cdn=bestzb$订阅源, Date: None, Delay: 1208 ms, Speed: 0.00 M/s, Resolution: 1920x1080
Name: CCTV15, URL: http://lu.wqwqwq.sbs/itv/1000000005000265014.m3u8?cdn=ystenlive$订阅源, Date: None, Delay: 1208 ms, Speed: 0.00 M/s, Resolution: 1920x1080
Name: CCTV15, URL: https://api.olelive.com/dis/live/CCTV15HD/hls.m3u8$订阅源, Date: None, Delay: 141 ms, Speed: 0.00 M/s, Resolution: 1920x1080
Name: CCTV15, URL: http://2000.run:35455/itv/1000000005000265014.m3u8?cdn=ystenlive$订阅源, Date: None, Delay: 2448 ms, Speed: 0.00 M/s, Resolution: 1920x1080
Name: CCTV15, URL: http://hangfun.top:35455/gaoma/cctv15.m3u8$订阅源, Date: None, Delay: 213 ms, Speed: 0.01 M/s, Resolution: 1920x1080
Name: CCTV15, URL: http://2000.run:35455/gaoma/cctv15.m3u8$订阅源, Date: None, Delay: 2448 ms, Speed: 0.00 M/s, Resolution: 1920x1080
Name: CCTV15, URL: http://ott.eonn.cn:35455/itv/1000000005000265014.m3u8?cdn=ystenlive$订阅源, Date: None, Delay: 423 ms, Speed: 0.01 M/s, Resolution: 1920x1080
Name: CCTV15, URL: http://3501776.xyz:35455/itv/1000000005000265014.m3u8?cdn=ystenlive$订阅源, Date: None, Delay: 247 ms, Speed: 0.00 M/s, Resolution: 1920x1080
Name: CCTV15, URL: http://303415198.xyz:35455/gaoma/cctv15.m3u8$订阅源, Date: None, Delay: 368 ms, Speed: 0.00 M/s, Resolution: None
Name: CCTV15, URL: http://220.170.241.204:9901/tsfile/live/0015_1.m3u8$订阅源, Date: None, Delay: 576 ms, Speed: 0.01 M/s, Resolution: 720x576
Name: CCTV16, URL: http://117.144.58.42:35455/gaoma/cctv16.m3u8$订阅源, Date: None, Delay: 439 ms, Speed: 0.00 M/s, Resolution: 1920x1080
Name: CCTV16, URL: http://nmmp.asia:35455/gaoma/cctv16.m3u8$订阅源, Date: None, Delay: 528 ms, Speed: 0.00 M/s, Resolution: 1920x1080
Name: CCTV16, URL: http://lu.wqwqwq.sbs/itv/1000000006000233002.m3u8?cdn=ystenlive$订阅源, Date: None, Delay: 1208 ms, Speed: 0.00 M/s, Resolution: 1920x1080
Name: CCTV16, URL: https://api.olelive.com/dis/live/CCTV16HD/hls.m3u8$订阅源, Date: None, Delay: 141 ms, Speed: 0.00 M/s, Resolution: 1920x1080
Name: CCTV16, URL: http://2000.run:35455/itv/1000000006000233002.m3u8?cdn=ystenlive$订阅源, Date: None, Delay: 2448 ms, Speed: 0.00 M/s, Resolution: 1920x1080
Name: CCTV16, URL: http://hangfun.top:35455/gaoma/cctv16.m3u8$订阅源, Date: None, Delay: 213 ms, Speed: 0.01 M/s, Resolution: 1920x1080
Name: CCTV16, URL: http://2000.run:35455/gaoma/cctv16.m3u8$订阅源, Date: None, Delay: 2448 ms, Speed: 0.00 M/s, Resolution: 1920x1080
Name: CCTV16, URL: http://ott.eonn.cn:35455/itv/1000000006000233002.m3u8?cdn=ystenlive$订阅源, Date: None, Delay: 423 ms, Speed: 0.01 M/s, Resolution: 1920x1080
Name: CCTV16, URL: http://303415198.xyz:35455/gaoma/cctv16.m3u8$订阅源, Date: None, Delay: 368 ms, Speed: 0.00 M/s, Resolution: None
Name: CCTV16, URL: http://183.191.148.22:9003/hls/17/index.m3u8$订阅源, Date: None, Delay: 235 ms, Speed: 0.11 M/s, Resolution: 1920x1080
Name: CCTV17, URL: http://117.144.58.42:35455/gaoma/cctv17.m3u8$订阅源, Date: None, Delay: 439 ms, Speed: 0.00 M/s, Resolution: 1920x1080
Name: CCTV17, URL: http://nmmp.asia:35455/gaoma/cctv17.m3u8$订阅源, Date: None, Delay: 528 ms, Speed: 0.00 M/s, Resolution: 1920x1080
Name: CCTV17, URL: http://lu.wqwqwq.sbs/itv/1000000006000268004.m3u8?cdn=ystenlive$订阅源, Date: None, Delay: 1208 ms, Speed: 0.00 M/s, Resolution: 1920x1080
Name: CCTV17, URL: http://lu.wqwqwq.sbs/itv/1000000005000265015.m3u8?cdn=ystenlive$订阅源, Date: None, Delay: 1208 ms, Speed: 0.00 M/s, Resolution: 1920x1080
Name: CCTV17, URL: https://api.olelive.com/dis/live/CCTV17HD/hls.m3u8$订阅源, Date: None, Delay: 141 ms, Speed: 0.00 M/s, Resolution: 1920x1080
Name: CCTV17, URL: http://2000.run:35455/itv/1000000005000265015.m3u8?cdn=ystenlive$订阅源, Date: None, Delay: 2448 ms, Speed: 0.00 M/s, Resolution: 1920x1080
Name: CCTV17, URL: http://2000.run:35455/gaoma/cctv17.m3u8$订阅源, Date: None, Delay: 2448 ms, Speed: 0.00 M/s, Resolution: 1920x1080
Name: CCTV17, URL: http://3501776.xyz:35455/itv/1000000005000265015.m3u8?cdn=ystenlive$订阅源, Date: None, Delay: 247 ms, Speed: 0.00 M/s, Resolution: 1920x1080
Name: CCTV17, URL: http://ott.eonn.cn:35455/itv/1000000005000265015.m3u8?cdn=ystenlive$订阅源, Date: None, Delay: 423 ms, Speed: 0.01 M/s, Resolution: 1920x1080
Name: CCTV17, URL: http://303415198.xyz:35455/gaoma/cctv17.m3u8$订阅源, Date: None, Delay: 368 ms, Speed: 0.00 M/s, Resolution: None
Name: CCTV5+, URL: http://117.144.58.42:35455/gaoma/cctv5p.m3u8$订阅源, Date: None, Delay: 439 ms, Speed: 0.00 M/s, Resolution: 1920x1080
Name: CCTV5+, URL: http://nmmp.asia:35455/gaoma/cctv5p.m3u8$订阅源, Date: None, Delay: 528 ms, Speed: 0.00 M/s, Resolution: 1920x1080
Name: CCTV5+, URL: http://lu.wqwqwq.sbs/itv/6000000001000015875.m3u8?cdn=wasusyt$订阅源, Date: None, Delay: 1208 ms, Speed: 0.00 M/s, Resolution: 1920x1080
Name: CCTV5+, URL: http://lu.wqwqwq.sbs/itv/1000000005000265016.m3u8?cdn=ystenlive$订阅源, Date: None, Delay: 1208 ms, Speed: 0.00 M/s, Resolution: 1920x1080
Name: CCTV5+, URL: https://api.olelive.com/dis/live/CCTV5PHD/hls.m3u8$订阅源, Date: None, Delay: 141 ms, Speed: 0.00 M/s, Resolution: 1920x1080
Name: CCTV5+, URL: http://2000.run:35455/itv/1000000005000265016.m3u8?cdn=ystenlive$订阅源, Date: None, Delay: 2448 ms, Speed: 0.00 M/s, Resolution: 1920x1080
Name: CCTV5+, URL: http://2000.run:35455/gaoma/cctv5p.m3u8$订阅源, Date: None, Delay: 2448 ms, Speed: 0.00 M/s, Resolution: 1920x1080
Name: CCTV5+, URL: http://3501776.xyz:35455/itv/1000000005000265016.m3u8?cdn=ystenlive$订阅源, Date: None, Delay: 247 ms, Speed: 0.00 M/s, Resolution: 1920x1080
Name: CCTV5+, URL: http://ott.eonn.cn:35455/itv/1000000005000265016.m3u8?cdn=ystenlive$订阅源, Date: None, Delay: 423 ms, Speed: 0.01 M/s, Resolution: 1920x1080
Name: CCTV5+, URL: http://303415198.xyz:35455/gaoma/cctv5p.m3u8$订阅源, Date: None, Delay: 368 ms, Speed: 0.00 M/s, Resolution: None
Name: CCTV5+, URL: http://220.170.241.204:9901/tsfile/live/0016_1.m3u8$订阅源, Date: None, Delay: 576 ms, Speed: 0.01 M/s, Resolution: 720x576
Name: 安徽卫视, URL: http://lu.wqwqwq.sbs/itv/1000000001000030159.m3u8?cdn=ystenlive$订阅源, Date: None, Delay: 1208 ms, Speed: 0.00 M/s, Resolution: 1920x1080
Name: 安徽卫视, URL: http://lu.wqwqwq.sbs/itv/6000000001000009954.m3u8?cdn=wasusyt$订阅源, Date: None, Delay: 1208 ms, Speed: 0.00 M/s, Resolution: 1920x1080
Name: 安徽卫视, URL: http://lu.wqwqwq.sbs/itv/1000000005000265025.m3u8?cdn=ystenlive$订阅源, Date: None, Delay: 1208 ms, Speed: 0.00 M/s, Resolution: 1920x1080
Name: 安徽卫视, URL: http://223.241.247.214:85//tsfile/live/0019_1.m3u8?key=txiptv&playlive=1&authid=0$订阅源, Date: None, Delay: 630 ms, Speed: 0.14 M/s, Resolution: 1920x1080
Name: 安徽卫视, URL: http://3501776.xyz:35455/itv/1000000005000265025.m3u8?cdn=ystenlive$订阅源, Date: None, Delay: 247 ms, Speed: 0.00 M/s, Resolution: 1920x1080
Name: 安徽卫视, URL: http://2000.run:35455/itv/1000000005000265025.m3u8?cdn=ystenlive$订阅源, Date: None, Delay: 2448 ms, Speed: 0.00 M/s, Resolution: 1920x1080
Name: 安徽卫视, URL: http://ott.eonn.cn:35455/itv/1000000005000265025.m3u8?cdn=ystenlive$订阅源, Date: None, Delay: 423 ms, Speed: 0.01 M/s, Resolution: 1920x1080
Name: 安徽卫视, URL: http://tvpull.careryun.com/tv/ahws.m3u8$订阅源, Date: None, Delay: 1214 ms, Speed: 1.95 M/s, Resolution: 1920x1080
Name: 浙江卫视, URL: http://lu.wqwqwq.sbs/itv/5000000004000007275.m3u8?cdn=bestzb$订阅源, Date: None, Delay: 1208 ms, Speed: 0.00 M/s, Resolution: 1920x1080
Name: 浙江卫视, URL: http://lu.wqwqwq.sbs/itv/1000000001000014260.m3u8?cdn=ystenlive$订阅源, Date: None, Delay: 1208 ms, Speed: 0.00 M/s, Resolution: 1920x1080
Name: 浙江卫视, URL: http://lu.wqwqwq.sbs/itv/1000000005000265031.m3u8?cdn=ystenlive$订阅源, Date: None, Delay: 1208 ms, Speed: 0.00 M/s, Resolution: 1920x1080
Name: 浙江卫视, URL: http://ali-m-l.cztv.com/channels/lantian/channel001/1080p.m3u8$订阅源, Date: None, Delay: 241 ms, Speed: 0.00 M/s, Resolution: 1920x1080
Name: 浙江卫视, URL: https://ali-m-l.cztv.com/channels/lantian/channel001/1080p.m3u8?$订阅源, Date: None, Delay: 243 ms, Speed: 0.00 M/s, Resolution: 1920x1080
Name: 浙江卫视, URL: https://ali-m-l.cztv.com/channels/lantian/channel001/1080p.m3u8$订阅源, Date: None, Delay: 243 ms, Speed: 0.00 M/s, Resolution: 1920x1080
Name: 浙江卫视, URL: http://ali-m-l.cztv.com/channels/lantian/channel01/1080p.m3u8$订阅源, Date: None, Delay: 241 ms, Speed: 0.00 M/s, Resolution: 1920x1080
Name: 浙江卫视, URL: http://3501776.xyz:35455/itv/1000000005000265031.m3u8?cdn=ystenlive$订阅源, Date: None, Delay: 247 ms, Speed: 0.00 M/s, Resolution: 1920x1080
Name: 浙江卫视, URL: http://2000.run:35455/itv/1000000005000265031.m3u8?cdn=ystenlive$订阅源, Date: None, Delay: 2448 ms, Speed: 0.00 M/s, Resolution: 1920x1080
Name: 浙江卫视, URL: http://ott.eonn.cn:35455/itv/1000000005000265031.m3u8?cdn=ystenlive$订阅源, Date: None, Delay: 423 ms, Speed: 0.01 M/s, Resolution: 1920x1080
Name: 湖南卫视, URL: http://lu.wqwqwq.sbs/itv/5000000004000006692.m3u8?cdn=bestzb$订阅源, Date: None, Delay: 1208 ms, Speed: 0.00 M/s, Resolution: 1920x1080
Name: 湖南卫视, URL: http://lu.wqwqwq.sbs/itv/6000000001000018044.m3u8?cdn=wasusyt$订阅源, Date: None, Delay: 1208 ms, Speed: 0.00 M/s, Resolution: 1920x1080
Name: 湖南卫视, URL: http://lu.wqwqwq.sbs/itv/1000000005000265024.m3u8?cdn=ystenlive$订阅源, Date: None, Delay: 1208 ms, Speed: 0.00 M/s, Resolution: 1920x1080
Name: 湖南卫视, URL: http://3501776.xyz:35455/itv/1000000005000265024.m3u8?cdn=ystenlive$订阅源, Date: None, Delay: 247 ms, Speed: 0.00 M/s, Resolution: 1920x1080
Name: 湖南卫视, URL: http://2000.run:35455/itv/1000000005000265024.m3u8?cdn=ystenlive$订阅源, Date: None, Delay: 2448 ms, Speed: 0.00 M/s, Resolution: 1920x1080
Name: 湖南卫视, URL: http://ott.eonn.cn:35455/itv/1000000005000265024.m3u8?cdn=ystenlive$订阅源, Date: None, Delay: 423 ms, Speed: 0.01 M/s, Resolution: 1920x1080
Name: 湖南卫视, URL: http://tvpull.careryun.com/tv/cn_hunws.m3u8$订阅源, Date: None, Delay: 1214 ms, Speed: 1.95 M/s, Resolution: 1920x1080
Name: 东方卫视, URL: http://36.32.174.67:60080/newlive/live/hls/24/live.m3u8$订阅源, Date: None, Delay: 411 ms, Speed: 0.07 M/s, Resolution: 1920x1080
Name: 东方卫视, URL: http://lu.wqwqwq.sbs/itv/6000000001000003639.m3u8?cdn=wasusyt$订阅源, Date: None, Delay: 1208 ms, Speed: 0.00 M/s, Resolution: 1920x1080
Name: 东方卫视, URL: http://lu.wqwqwq.sbs/itv/5000000004000014098.m3u8?cdn=bestzb$订阅源, Date: None, Delay: 1208 ms, Speed: 0.00 M/s, Resolution: 1920x1080
Name: 东方卫视, URL: http://lu.wqwqwq.sbs/itv/1000000005000265018.m3u8?cdn=ystenlive$订阅源, Date: None, Delay: 1208 ms, Speed: 0.00 M/s, Resolution: 1920x1080
Name: 东方卫视, URL: http://2000.run:35455/itv/1000000005000265018.m3u8?cdn=ystenlive$订阅源, Date: None, Delay: 2448 ms, Speed: 0.00 M/s, Resolution: 1920x1080
Name: 东方卫视, URL: http://3501776.xyz:35455/itv/1000000005000265018.m3u8?cdn=ystenlive$订阅源, Date: None, Delay: 247 ms, Speed: 0.00 M/s, Resolution: 1920x1080
Name: 东方卫视, URL: http://ott.eonn.cn:35455/itv/1000000005000265018.m3u8?cdn=ystenlive$订阅源, Date: None, Delay: 423 ms, Speed: 0.01 M/s, Resolution: 1920x1080
Name: 东方卫视, URL: http://tvpull.careryun.com/tv/dfws.m3u8$订阅源, Date: None, Delay: 1214 ms, Speed: 1.95 M/s, Resolution: 1920x1080
Name: 江苏卫视, URL: http://lu.wqwqwq.sbs/itv/6000000001000014861.m3u8?cdn=wasusyt$订阅源, Date: None, Delay: 1208 ms, Speed: 0.00 M/s, Resolution: 1920x1080
Name: 江苏卫视, URL: http://lu.wqwqwq.sbs/itv/1000000001000001828.m3u8?cdn=ystenlive$订阅源, Date: None, Delay: 1208 ms, Speed: 0.00 M/s, Resolution: 1920x1080
Name: 江苏卫视, URL: http://lu.wqwqwq.sbs/itv/1000000005000265030.m3u8?cdn=ystenlive$订阅源, Date: None, Delay: 1208 ms, Speed: 0.00 M/s, Resolution: 1920x1080
Name: 江苏卫视, URL: http://3501776.xyz:35455/itv/1000000005000265030.m3u8?cdn=ystenlive$订阅源, Date: None, Delay: 247 ms, Speed: 0.00 M/s, Resolution: 1920x1080
Name: 江苏卫视, URL: http://2000.run:35455/itv/1000000005000265030.m3u8?cdn=ystenlive$订阅源, Date: None, Delay: 2448 ms, Speed: 0.00 M/s, Resolution: 1920x1080
Name: 江苏卫视, URL: http://ott.eonn.cn:35455/itv/1000000005000265030.m3u8?cdn=ystenlive$订阅源, Date: None, Delay: 423 ms, Speed: 0.01 M/s, Resolution: 1920x1080
Name: 北京卫视, URL: http://36.32.174.67:60080/newlive/live/hls/25/live.m3u8$订阅源, Date: None, Delay: 411 ms, Speed: 0.07 M/s, Resolution: 1920x1080
Name: 北京卫视, URL: http://lu.wqwqwq.sbs/itv/6000000001000020451.m3u8?cdn=wasusyt$订阅源, Date: None, Delay: 1208 ms, Speed: 0.00 M/s, Resolution: 1920x1080
Name: 北京卫视, URL: http://lu.wqwqwq.sbs/itv/1000000005000265027.m3u8?cdn=ystenlive$订阅源, Date: None, Delay: 1208 ms, Speed: 0.00 M/s, Resolution: 1920x1080
Name: 北京卫视, URL: http://3501776.xyz:35455/itv/1000000005000265027.m3u8?cdn=ystenlive$订阅源, Date: None, Delay: 247 ms, Speed: 0.00 M/s, Resolution: 1920x1080
Name: 北京卫视, URL: http://2000.run:35455/itv/1000000005000265027.m3u8?cdn=ystenlive$订阅源, Date: None, Delay: 2448 ms, Speed: 0.00 M/s, Resolution: 1920x1080
Name: 北京卫视, URL: http://ott.eonn.cn:35455/itv/1000000005000265027.m3u8?cdn=ystenlive$订阅源, Date: None, Delay: 423 ms, Speed: 0.01 M/s, Resolution: 1920x1080
Name: 北京卫视, URL: http://tvpull.careryun.com/tv/cn_bjws.m3u8$订阅源, Date: None, Delay: 1214 ms, Speed: 1.95 M/s, Resolution: 1920x1080
Name: 广东卫视, URL: http://lu.wqwqwq.sbs/itv/1000000001000014176.m3u8?cdn=ystenlive$订阅源, Date: None, Delay: 1208 ms, Speed: 0.00 M/s, Resolution: 1920x1080
Name: 广东卫视, URL: http://lu.wqwqwq.sbs/itv/6000000001000031076.m3u8?cdn=wasusyt$订阅源, Date: None, Delay: 1208 ms, Speed: 0.00 M/s, Resolution: 1920x1080
Name: 广东卫视, URL: http://lu.wqwqwq.sbs/itv/1000000005000265034.m3u8?cdn=ystenlive$订阅源, Date: None, Delay: 1208 ms, Speed: 0.00 M/s, Resolution: 1920x1080
Name: 广东卫视, URL: http://3501776.xyz:35455/itv/1000000005000265034.m3u8?cdn=ystenlive$订阅源, Date: None, Delay: 247 ms, Speed: 0.00 M/s, Resolution: 1920x1080
Name: 广东卫视, URL: http://2000.run:35455/itv/1000000005000265034.m3u8?cdn=ystenlive$订阅源, Date: None, Delay: 2448 ms, Speed: 0.00 M/s, Resolution: 1920x1080
Name: 广东卫视, URL: http://ott.eonn.cn:35455/itv/1000000005000265034.m3u8?cdn=ystenlive$订阅源, Date: None, Delay: 423 ms, Speed: 0.01 M/s, Resolution: 1920x1080
Name: 广东卫视, URL: http://220.170.241.204:9901/tsfile/live/0125_1.m3u8$订阅源, Date: None, Delay: 576 ms, Speed: 0.01 M/s, Resolution: 720x576
Name: 广东卫视, URL: http://120.77.205.62:8087/udp/239.77.0.166:5146$订阅源, Date: None, Delay: 273 ms, Speed: 0.00 M/s, Resolution: None
Name: 深圳卫视, URL: http://lu.wqwqwq.sbs/itv/5000000004000007410.m3u8?cdn=bestzb$订阅源, Date: None, Delay: 1208 ms, Speed: 0.00 M/s, Resolution: 1920x1080
Name: 深圳卫视, URL: http://lu.wqwqwq.sbs/itv/6000000001000002116.m3u8?cdn=wasusyt$订阅源, Date: None, Delay: 1208 ms, Speed: 0.00 M/s, Resolution: 1920x1080
Name: 深圳卫视, URL: http://lu.wqwqwq.sbs/itv/1000000005000265028.m3u8?cdn=ystenlive$订阅源, Date: None, Delay: 1208 ms, Speed: 0.00 M/s, Resolution: 1920x1080
Name: 深圳卫视, URL: http://2000.run:35455/itv/1000000005000265028.m3u8?cdn=ystenlive$订阅源, Date: None, Delay: 2448 ms, Speed: 0.00 M/s, Resolution: 1920x1080
Name: 深圳卫视, URL: http://3501776.xyz:35455/itv/1000000005000265028.m3u8?cdn=ystenlive$订阅源, Date: None, Delay: 247 ms, Speed: 0.00 M/s, Resolution: 1920x1080
Name: 深圳卫视, URL: http://ott.eonn.cn:35455/itv/1000000005000265028.m3u8?cdn=ystenlive$订阅源, Date: None, Delay: 423 ms, Speed: 0.01 M/s, Resolution: 1920x1080
Name: 深圳卫视, URL: http://tvpull.careryun.com/tv/cn_szws.m3u8$订阅源, Date: None, Delay: 1214 ms, Speed: 1.95 M/s, Resolution: 1920x1080
Name: 深圳卫视, URL: http://120.77.205.62:8087/udp/239.77.0.130:5146$订阅源, Date: None, Delay: 273 ms, Speed: 0.00 M/s, Resolution: None
Name: 天津卫视, URL: http://36.32.174.67:60080/newlive/live/hls/26/live.m3u8$订阅源, Date: None, Delay: 411 ms, Speed: 0.07 M/s, Resolution: 1920x1080
Name: 天津卫视, URL: http://lu.wqwqwq.sbs/itv/5000000004000006827.m3u8?cdn=bestzb$订阅源, Date: None, Delay: 1208 ms, Speed: 0.00 M/s, Resolution: 1920x1080
Name: 天津卫视, URL: http://lu.wqwqwq.sbs/itv/6000000001000009186.m3u8?cdn=wasusyt$订阅源, Date: None, Delay: 1208 ms, Speed: 0.00 M/s, Resolution: 1920x1080
Name: 天津卫视, URL: http://lu.wqwqwq.sbs/itv/1000000005000265026.m3u8?cdn=ystenlive$订阅源, Date: None, Delay: 1208 ms, Speed: 0.00 M/s, Resolution: 1920x1080
Name: 天津卫视, URL: http://3501776.xyz:35455/itv/1000000005000265026.m3u8?cdn=ystenlive$订阅源, Date: None, Delay: 247 ms, Speed: 0.00 M/s, Resolution: 1920x1080
Name: 天津卫视, URL: http://2000.run:35455/itv/1000000005000265026.m3u8?cdn=ystenlive$订阅源, Date: None, Delay: 2448 ms, Speed: 0.00 M/s, Resolution: 1920x1080
Name: 天津卫视, URL: http://ott.eonn.cn:35455/itv/1000000005000265026.m3u8?cdn=ystenlive$订阅源, Date: None, Delay: 423 ms, Speed: 0.01 M/s, Resolution: 1920x1080
Name: 天津卫视, URL: http://tvpull.careryun.com/tv/cn_tjws.m3u8$订阅源, Date: None, Delay: 1214 ms, Speed: 1.95 M/s, Resolution: 1920x1080
Name: 湖北卫视, URL: http://36.32.174.67:60080/newlive/live/hls/28/live.m3u8$订阅源, Date: None, Delay: 411 ms, Speed: 0.07 M/s, Resolution: 1920x1080
Name: 湖北卫视, URL: http://lu.wqwqwq.sbs/itv/1000000001000024621.m3u8?cdn=ystenlive$订阅源, Date: None, Delay: 1208 ms, Speed: 0.00 M/s, Resolution: 1920x1080
Name: 湖北卫视, URL: http://lu.wqwqwq.sbs/itv/6000000001000015436.m3u8?cdn=wasusyt$订阅源, Date: None, Delay: 1208 ms, Speed: 0.00 M/s, Resolution: 1920x1080
Name: 湖北卫视, URL: http://lu.wqwqwq.sbs/itv/1000000005000265023.m3u8?cdn=ystenlive$订阅源, Date: None, Delay: 1208 ms, Speed: 0.00 M/s, Resolution: 1920x1080
Name: 湖北卫视, URL: http://3501776.xyz:35455/itv/1000000005000265023.m3u8?cdn=ystenlive$订阅源, Date: None, Delay: 247 ms, Speed: 0.00 M/s, Resolution: 1920x1080
Name: 湖北卫视, URL: http://2000.run:35455/itv/1000000005000265023.m3u8?cdn=ystenlive$订阅源, Date: None, Delay: 2448 ms, Speed: 0.00 M/s, Resolution: 1920x1080
Name: 湖北卫视, URL: http://ott.eonn.cn:35455/itv/1000000005000265023.m3u8?cdn=ystenlive$订阅源, Date: None, Delay: 423 ms, Speed: 0.01 M/s, Resolution: 1920x1080
Name: 江西卫视, URL: http://36.32.174.67:60080/newlive/live/hls/22/live.m3u8$订阅源, Date: None, Delay: 411 ms, Speed: 0.07 M/s, Resolution: 1920x1080
Name: 江西卫视, URL: http://36.32.174.67:60080/newlive/live/hls/31/live.m3u8$订阅源, Date: None, Delay: 411 ms, Speed: 0.07 M/s, Resolution: 1920x1080
Name: 江西卫视, URL: http://lu.wqwqwq.sbs/itv/1000000006000268001.m3u8?cdn=ystenlive$订阅源, Date: None, Delay: 1208 ms, Speed: 0.00 M/s, Resolution: 1920x1080
Name: 江西卫视, URL: http://lu.wqwqwq.sbs/itv/1000000005000265032.m3u8?cdn=ystenlive$订阅源, Date: None, Delay: 1208 ms, Speed: 0.00 M/s, Resolution: 1920x1080
Name: 江西卫视, URL: http://3501776.xyz:35455/itv/1000000005000265032.m3u8?cdn=ystenlive$订阅源, Date: None, Delay: 247 ms, Speed: 0.00 M/s, Resolution: 1920x1080
Name: 江西卫视, URL: http://2000.run:35455/itv/1000000005000265032.m3u8?cdn=ystenlive$订阅源, Date: None, Delay: 2448 ms, Speed: 0.00 M/s, Resolution: 1920x1080
Name: 江西卫视, URL: http://ott.eonn.cn:35455/itv/1000000005000265032.m3u8?cdn=ystenlive$订阅源, Date: None, Delay: 423 ms, Speed: 0.01 M/s, Resolution: 1920x1080
Name: 江西卫视, URL: http://tvpull.careryun.com/tv/jxws.m3u8$订阅源, Date: None, Delay: 1214 ms, Speed: 1.95 M/s, Resolution: 1920x1080
Name: 河北卫视, URL: http://36.32.174.67:60080/newlive/live/hls/36/live.m3u8$订阅源, Date: None, Delay: 411 ms, Speed: 0.07 M/s, Resolution: 1920x1080
Name: 河北卫视, URL: http://lu.wqwqwq.sbs/itv/5000000006000040016.m3u8?cdn=bestzb$订阅源, Date: None, Delay: 1208 ms, Speed: 0.00 M/s, Resolution: 1920x1080
Name: 河北卫视, URL: http://123.182.60.29:9002/hls/18/index.m3u8$订阅源, Date: None, Delay: 521 ms, Speed: 0.00 M/s, Resolution: None
Name: 河南卫视, URL: http://lu.wqwqwq.sbs/itv/5000000011000031119.m3u8?cdn=bestzb$订阅源, Date: None, Delay: 1208 ms, Speed: 0.00 M/s, Resolution: 1920x1080
Name: 山东卫视, URL: http://lu.wqwqwq.sbs/itv/1000000001000016568.m3u8?cdn=ystenlive$订阅源, Date: None, Delay: 1208 ms, Speed: 0.00 M/s, Resolution: 1920x1080
Name: 山东卫视, URL: http://lu.wqwqwq.sbs/itv/6000000001000004134.m3u8?cdn=wasusyt$订阅源, Date: None, Delay: 1208 ms, Speed: 0.00 M/s, Resolution: 1920x1080
Name: 山东卫视, URL: http://lu.wqwqwq.sbs/itv/1000000005000265019.m3u8?cdn=ystenlive$订阅源, Date: None, Delay: 1208 ms, Speed: 0.00 M/s, Resolution: 1920x1080
Name: 山东卫视, URL: http://3501776.xyz:35455/itv/1000000005000265019.m3u8?cdn=ystenlive$订阅源, Date: None, Delay: 247 ms, Speed: 0.00 M/s, Resolution: 1920x1080
Name: 山东卫视, URL: http://2000.run:35455/itv/1000000005000265019.m3u8?cdn=ystenlive$订阅源, Date: None, Delay: 2448 ms, Speed: 0.00 M/s, Resolution: 1920x1080
Name: 山东卫视, URL: http://ott.eonn.cn:35455/itv/1000000005000265019.m3u8?cdn=ystenlive$订阅源, Date: None, Delay: 423 ms, Speed: 0.01 M/s, Resolution: 1920x1080
Name: 山东卫视, URL: http://tvpull.careryun.com/tv/hbws.m3u8$订阅源, Date: None, Delay: 1214 ms, Speed: 1.95 M/s, Resolution: 1920x1080
Name: 山西卫视, URL: http://36.32.174.67:60080/newlive/live/hls/43/live.m3u8$订阅源, Date: None, Delay: 411 ms, Speed: 0.07 M/s, Resolution: 1920x1080
Name: 山西卫视, URL: http://110.53.52.63:8888/newlive/live/hls/43/live.m3u8$订阅源, Date: None, Delay: 543 ms, Speed: 0.00 M/s, Resolution: 720x576
Name: 黑龙江卫视, URL: http://lu.wqwqwq.sbs/itv/1000000001000001925.m3u8?cdn=ystenlive$订阅源, Date: None, Delay: 1208 ms, Speed: 0.00 M/s, Resolution: 1920x1080
Name: 黑龙江卫视, URL: http://lu.wqwqwq.sbs/itv/6000000001000016510.m3u8?cdn=wasusyt$订阅源, Date: None, Delay: 1208 ms, Speed: 0.00 M/s, Resolution: 1920x1080
Name: 黑龙江卫视, URL: http://lu.wqwqwq.sbs/itv/1000000005000265029.m3u8?cdn=ystenlive$订阅源, Date: None, Delay: 1208 ms, Speed: 0.00 M/s, Resolution: 1920x1080
Name: 黑龙江卫视, URL: http://tvpull.careryun.com/tv/cn_hljws.m3u8$订阅源, Date: None, Delay: 1214 ms, Speed: 1.95 M/s, Resolution: 1920x1080
Name: 吉林卫视, URL: http://lu.wqwqwq.sbs/itv/5000000011000031117.m3u8?cdn=bestzb$订阅源, Date: None, Delay: 1208 ms, Speed: 0.00 M/s, Resolution: 1920x1080
Name: 吉林卫视, URL: http://tvpull.careryun.com/tv/jlws.m3u8$订阅源, Date: None, Delay: 1214 ms, Speed: 1.95 M/s, Resolution: 1920x1080
Name: 辽宁卫视, URL: http://dassby.qqff.top:99/live/辽宁卫视高清/index.m3u8$订阅源, Date: None, Delay: 289 ms, Speed: 0.05 M/s, Resolution: 1920x1080
Name: 辽宁卫视, URL: http://lu.wqwqwq.sbs/itv/5000000004000011671.m3u8?cdn=bestzb$订阅源, Date: None, Delay: 1208 ms, Speed: 0.00 M/s, Resolution: 1920x1080
Name: 辽宁卫视, URL: http://lu.wqwqwq.sbs/itv/1000000005000265022.m3u8?cdn=ystenlive$订阅源, Date: None, Delay: 1208 ms, Speed: 0.00 M/s, Resolution: 1920x1080
Name: 辽宁卫视, URL: http://3501776.xyz:35455/itv/1000000005000265022.m3u8?cdn=ystenlive$订阅源, Date: None, Delay: 247 ms, Speed: 0.00 M/s, Resolution: 1920x1080
Name: 辽宁卫视, URL: http://2000.run:35455/itv/1000000005000265022.m3u8?cdn=ystenlive$订阅源, Date: None, Delay: 2448 ms, Speed: 0.00 M/s, Resolution: 1920x1080
Name: 辽宁卫视, URL: http://ott.eonn.cn:35455/itv/1000000005000265022.m3u8?cdn=ystenlive$订阅源, Date: None, Delay: 423 ms, Speed: 0.01 M/s, Resolution: 1920x1080
Name: 东南卫视, URL: http://lu.wqwqwq.sbs/itv/5000000004000010584.m3u8?cdn=bestzb$订阅源, Date: None, Delay: 1208 ms, Speed: 0.00 M/s, Resolution: 1920x1080
Name: 东南卫视, URL: http://lu.wqwqwq.sbs/itv/1000000005000265033.m3u8?cdn=ystenlive$订阅源, Date: None, Delay: 1208 ms, Speed: 0.00 M/s, Resolution: 1920x1080
Name: 东南卫视, URL: http://3501776.xyz:35455/itv/1000000005000265033.m3u8?cdn=ystenlive$订阅源, Date: None, Delay: 247 ms, Speed: 0.00 M/s, Resolution: 1920x1080
Name: 东南卫视, URL: http://2000.run:35455/itv/1000000005000265033.m3u8?cdn=ystenlive$订阅源, Date: None, Delay: 2448 ms, Speed: 0.00 M/s, Resolution: 1920x1080
Name: 东南卫视, URL: http://ott.eonn.cn:35455/itv/1000000005000265033.m3u8?cdn=ystenlive$订阅源, Date: None, Delay: 423 ms, Speed: 0.01 M/s, Resolution: 1920x1080
Name: 东南卫视, URL: http://220.170.241.204:9901/tsfile/live/0137_1.m3u8$订阅源, Date: None, Delay: 576 ms, Speed: 0.01 M/s, Resolution: 720x576
Name: 东南卫视, URL: http://110.53.52.63:8888/newlive/live/hls/47/live.m3u8$订阅源, Date: None, Delay: 543 ms, Speed: 0.00 M/s, Resolution: 720x576
Name: 东南卫视, URL: http://111.61.236.247:9081/hls/42/index.m3u8$订阅源, Date: None, Delay: 334 ms, Speed: 0.01 M/s, Resolution: 1920x1080
Name: 东南卫视, URL: http://221.0.78.198:1681/hls/10240/index.m3u8$订阅源, Date: None, Delay: 237 ms, Speed: 0.01 M/s, Resolution: None
Name: 重庆卫视, URL: http://36.32.174.67:60080/newlive/live/hls/34/live.m3u8$订阅源, Date: None, Delay: 411 ms, Speed: 0.07 M/s, Resolution: 1920x1080
Name: 重庆卫视, URL: http://lu.wqwqwq.sbs/itv/1000000001000001096.m3u8?cdn=ystenlive$订阅源, Date: None, Delay: 1208 ms, Speed: 0.00 M/s, Resolution: 1920x1080
Name: 重庆卫视, URL: http://lu.wqwqwq.sbs/itv/1000000005000265017.m3u8?cdn=ystenlive$订阅源, Date: None, Delay: 1208 ms, Speed: 0.00 M/s, Resolution: 1920x1080
Name: 重庆卫视, URL: http://3501776.xyz:35455/itv/1000000005000265017.m3u8?cdn=ystenlive$订阅源, Date: None, Delay: 247 ms, Speed: 0.00 M/s, Resolution: 1920x1080
Name: 重庆卫视, URL: http://2000.run:35455/itv/1000000005000265017.m3u8?cdn=ystenlive$订阅源, Date: None, Delay: 2448 ms, Speed: 0.00 M/s, Resolution: 1920x1080
Name: 重庆卫视, URL: http://ott.eonn.cn:35455/itv/1000000005000265017.m3u8?cdn=ystenlive$订阅源, Date: None, Delay: 423 ms, Speed: 0.01 M/s, Resolution: 1920x1080
Name: 重庆卫视, URL: http://tvpull.careryun.com/tv/cn_cqws.m3u8$订阅源, Date: None, Delay: 1214 ms, Speed: 1.95 M/s, Resolution: 1920x1080
Name: 四川卫视, URL: http://36.32.174.67:60080/newlive/live/hls/29/live.m3u8$订阅源, Date: None, Delay: 411 ms, Speed: 0.07 M/s, Resolution: 1920x1080
Name: 四川卫视, URL: http://lu.wqwqwq.sbs/itv/5000000004000006119.m3u8?cdn=bestzb$订阅源, Date: None, Delay: 1208 ms, Speed: 0.00 M/s, Resolution: 1920x1080
Name: 陕西卫视, URL: http://36.32.174.67:60080/newlive/live/hls/44/live.m3u8$订阅源, Date: None, Delay: 411 ms, Speed: 0.07 M/s, Resolution: 1920x1080
Name: 甘肃卫视, URL: rtmp://livein.gstv.com.cn/49048r/y3nga4.flv$订阅源, Date: None, Delay: 4732 ms, Speed: inf M/s, Resolution: 0x0
Name: 甘肃卫视, URL: https://hls.gstv.com.cn/9hvng2/5gd714.m3u8$订阅源, Date: None, Delay: 298 ms, Speed: 0.18 M/s, Resolution: 960x540
Name: 甘肃卫视, URL: http://lu.wqwqwq.sbs/itv/5000000011000031121.m3u8?cdn=bestzb$订阅源, Date: None, Delay: 1208 ms, Speed: 0.00 M/s, Resolution: 1920x1080
Name: 甘肃卫视, URL: http://tvpull.careryun.com/tv/cn_gsws.m3u8$订阅源, Date: None, Delay: 1214 ms, Speed: 1.95 M/s, Resolution: 1920x1080
Name: 宁夏卫视, URL: http://36.32.174.67:60080/newlive/live/hls/49/live.m3u8$订阅源, Date: None, Delay: 411 ms, Speed: 0.07 M/s, Resolution: 1920x1080
Name: 广西卫视, URL: http://36.32.174.67:60080/newlive/live/hls/38/live.m3u8$订阅源, Date: None, Delay: 411 ms, Speed: 0.07 M/s, Resolution: 1920x1080
Name: 广西卫视, URL: http://lu.wqwqwq.sbs/itv/5000000011000031118.m3u8?cdn=bestzb$订阅源, Date: None, Delay: 1208 ms, Speed: 0.00 M/s, Resolution: 1920x1080
Name: 广西卫视, URL: http://tvpull.careryun.com/tv/cn_gxws.m3u8$订阅源, Date: None, Delay: 1214 ms, Speed: 1.95 M/s, Resolution: 1920x1080
Name: 云南卫视, URL: http://36.32.174.67:60080/newlive/live/hls/45/live.m3u8$订阅源, Date: None, Delay: 411 ms, Speed: 0.07 M/s, Resolution: 1920x1080
Name: 云南卫视, URL: http://lu.wqwqwq.sbs/itv/5000000011000031120.m3u8?cdn=bestzb$订阅源, Date: None, Delay: 1208 ms, Speed: 0.00 M/s, Resolution: 1920x1080
Name: 云南卫视, URL: https://hwapi.yntv.net/62hdvf/41hse3.m3u8$订阅源, Date: None, Delay: 255 ms, Speed: 0.73 M/s, Resolution: 1280x720
Name: 贵州卫视, URL: http://lu.wqwqwq.sbs/itv/5000000004000025843.m3u8?cdn=bestzb$订阅源, Date: None, Delay: 1208 ms, Speed: 0.00 M/s, Resolution: 1920x1080
Name: 贵州卫视, URL: http://tvpull.careryun.com/tv/cn_gzws.m3u8$订阅源, Date: None, Delay: 1214 ms, Speed: 1.95 M/s, Resolution: 1920x1080
Name: 海南卫视, URL: http://36.32.174.67:60080/newlive/live/hls/46/live.m3u8$订阅源, Date: None, Delay: 411 ms, Speed: 0.07 M/s, Resolution: 1920x1080
Name: 海南卫视, URL: http://lu.wqwqwq.sbs/itv/5000000004000006211.m3u8?cdn=bestzb$订阅源, Date: None, Delay: 1208 ms, Speed: 0.00 M/s, Resolution: 1920x1080
Name: 海南卫视, URL: http://tvpull.careryun.com/tv/hainws.m3u8$订阅源, Date: None, Delay: 1214 ms, Speed: 1.95 M/s, Resolution: 1920x1080
Name: 青海卫视, URL: http://lu.wqwqwq.sbs/itv/1000000002000013359.m3u8?cdn=ystenlive$订阅源, Date: None, Delay: 1208 ms, Speed: 0.00 M/s, Resolution: 1920x1080
Name: 青海卫视, URL: http://3501776.xyz:35455/itv/1000000002000013359.m3u8?cdn=ystenlive$订阅源, Date: None, Delay: 247 ms, Speed: 0.00 M/s, Resolution: 1920x1080
Name: 青海卫视, URL: http://2000.run:35455/itv/1000000002000013359.m3u8?cdn=ystenlive$订阅源, Date: None, Delay: 2448 ms, Speed: 0.00 M/s, Resolution: 1920x1080
Name: 青海卫视, URL: http://ott.eonn.cn:35455/itv/1000000002000013359.m3u8?cdn=ystenlive$订阅源, Date: None, Delay: 423 ms, Speed: 0.01 M/s, Resolution: 1920x1080
Name: 青海卫视, URL: http://tvpull.careryun.com/tv/qhws.m3u8$订阅源, Date: None, Delay: 1214 ms, Speed: 1.95 M/s, Resolution: 1920x1080
Name: 西藏卫视, URL: http://36.32.174.67:60080/newlive/live/hls/48/live.m3u8$订阅源, Date: None, Delay: 411 ms, Speed: 0.07 M/s, Resolution: 1920x1080
Name: 西藏卫视, URL: http://php.jdshipin.com:8880/xztv.php?id=ws$订阅源, Date: None, Delay: 2230 ms, Speed: 0.40 M/s, Resolution: 1920x1080
Name: 新疆卫视, URL: http://36.32.174.67:60080/newlive/live/hls/47/live.m3u8$订阅源, Date: None, Delay: 411 ms, Speed: 0.07 M/s, Resolution: 1920x1080
Name: 新疆卫视, URL: http://tvpull.careryun.com/tv/cn_xjws.m3u8$订阅源, Date: None, Delay: 1214 ms, Speed: 1.95 M/s, Resolution: 1920x1080
Name: 金鹰卡通, URL: http://pili-live-snapshot.tv.hntvcloud.com/mg-tv/channel-5.m3u8$订阅源, Date: None, Delay: 278 ms, Speed: 0.00 M/s, Resolution: 640x360
Name: 金鹰卡通, URL: http://220.170.241.204:9901/tsfile/live/1005_1.m3u8$订阅源, Date: None, Delay: 576 ms, Speed: 0.01 M/s, Resolution: 720x576
Name: 优漫卡通, URL: http://58.221.214.82:9901/tsfile/live/0008_2.m3u8$订阅源, Date: None, Delay: 1064 ms, Speed: 0.02 M/s, Resolution: 720x576
Name: 嘉佳卡通, URL: http://120.77.205.62:8087/udp/239.77.0.179:5146$订阅源, Date: None, Delay: 273 ms, Speed: 0.00 M/s, Resolution: None
Name: 动漫秀场, URL: http://120.55.49.231:3095/rtp/233.50.201.184:5140$组播源, Date: None, Delay: 3811 ms, Speed: 0.00 M/s, Resolution: None
